

系统启动.
********************************************************************
******                 EDN USB学习板键盘程序                  ******
******                      AT89S52 CPU                       ******
******                  建立日期：Jan 15 2012                 ******
******                   建立时间：10:40:48                   ******
******                    作者：电脑圈圈                      ******
******                    欢迎访问作者的                      ******
******           USB专区：http://group.ednchina.com/93/       ******
******      BLOG1：http://www.ednchina.com/blog/computer00    ******
******                BLOG2：http://computer00.21ic.org       ******
******                  请按K1-K8分别进行测试                 ******
******       K1:左Ctrl键  K2:左Shift键  K3:左Alt键  K4:0键    ******
******       K5:1键  K6:2键  K7:Caps Lock键 K8:Num Lock键     ******
********************************************************************
断开USB连接.
USBD12芯片初始化
   设置地址.
       地址为：  0
连接USB.
USB总线复位.
USB总线挂起.
USB总线复位.
USB总线挂起.
USB总线复位.
Read endpoint0's buffer 8 bytes.
0x80 0x06 0x00 0x01 0x00 0x00 0x40 0x00 
Clear buffer.
Ack setup 0.
Ack setup 1.
Clear buffer.
USB标准请求.
    获取描述符.
        获取设备描述符.
Write endpoint1's buffer 16 bytes.
0x12 0x01 0x10 0x01 0x00 0x00 0x00 0x10 0x88 0x88 0x01 0x00 0x01 0x00 0x01 0x02 
Validate buffer.
USB总线复位.
Read endpoint0's buffer 8 bytes.
0x00 0x05 0x08 0x00 0x00 0x00 0x00 0x00 
Clear buffer.
Ack setup 0.
Ack setup 1.
Clear buffer.
USB标准请求.
   设置地址.
       地址为：  8
Write endpoint1's buffer 0 bytes.

Validate buffer.
Read endpoint0's buffer 8 bytes.
0x80 0x06 0x00 0x01 0x00 0x00 0x12 0x00 
Clear buffer.
Ack setup 0.
Ack setup 1.
Clear buffer.
USB标准请求.
    获取描述符.
        获取设备描述符.
Write endpoint1's buffer 16 bytes.
0x12 0x01 0x10 0x01 0x00 0x00 0x00 0x10 0x88 0x88 0x01 0x00 0x01 0x00 0x01 0x02 
Validate buffer.
USB标准请求.
    获取描述符.
Write endpoint1's buffer 2 bytes.
0x03 0x01 
Validate buffer.
Read endpoint0's buffer 8 bytes.
0x80 0x06 0x00 0x02 0x00 0x00 0x09 0x00 
Clear buffer.
Ack setup 0.
Ack setup 1.
Clear buffer.
USB标准请求.
    获取描述符.
        获取配置描述符.
Write endpoint1's buffer 9 bytes.
0x09 0x02 0x29 0x00 0x01 0x01 0x00 0xA0 0xC8 
Validate buffer.
Read endpoint0's buffer 8 bytes.
0x80 0x06 0x00 0x02 0x00 0x00 0x29 0x00 
Clear buffer.
Ack setup 0.
Ack setup 1.
Clear buffer.
USB标准请求.
    获取描述符.
        获取配置描述符.
Write endpoint1's buffer 16 bytes.
0x09 0x02 0x29 0x00 0x01 0x01 0x00 0xA0 0xC8 0x09 0x04 0x00 0x00 0x02 0x03 0x01 
Validate buffer.
USB标准请求.
    获取描述符.
Write endpoint1's buffer 16 bytes.
0x01 0x00 0x09 0x21 0x10 0x01 0x21 0x01 0x22 0x3F 0x00 0x07 0x05 0x82 0x03 0x40 
Validate buffer.
USB标准请求.
    获取描述符.
Write endpoint1's buffer 9 bytes.
0x00 0x0A 0x07 0x05 0x02 0x03 0x40 0x00 0x0A 
Validate buffer.
Read endpoint0's buffer 8 bytes.
0x80 0x06 0x00 0x03 0x00 0x00 0xFF 0x00 
Clear buffer.
Ack setup 0.
Ack setup 1.
Clear buffer.
USB标准请求.
    获取描述符.
        获取字符串描述符.
            获取语言ID.
Write endpoint1's buffer 4 bytes.
0x04 0x03 0x09 0x04 
Validate buffer.
Read endpoint0's buffer 8 bytes.
0x80 0x06 0x02 0x03 0x09 0x04 0xFF 0x00 
Clear buffer.
Ack setup 0.
Ack setup 1.
Clear buffer.
USB标准请求.
    获取描述符.
        获取字符串描述符.
            获取产品字符串.
Write endpoint1's buffer 16 bytes.
0x60 0x03 0x35 0x75 0x11 0x81 0x08 0x57 0x08 0x57 0x84 0x76 0x55 0x00 0x53 0x00 
Validate buffer.
USB标准请求.
    获取描述符.
Write endpoint1's buffer 16 bytes.
0x42 0x00 0x13 0x4E 0x3A 0x53 0x3B 0x6D 0xA8 0x52 0x4B 0x4E 0x55 0x00 0x53 0x00 
Validate buffer.
USB标准请求.
    获取描述符.
Write endpoint1's buffer 16 bytes.
0x42 0x00 0x2E 0x95 0xD8 0x76 0x20 0x00 0x48 0x00 0x74 0x00 0x74 0x00 0x70 0x00 
Validate buffer.
USB标准请求.
    获取描述符.
Write endpoint1's buffer 16 bytes.
0x3A 0x00 0x2F 0x00 0x2F 0x00 0x67 0x00 0x72 0x00 0x6F 0x00 0x75 0x00 0x70 0x00 
Validate buffer.
USB标准请求.
    获取描述符.
Write endpoint1's buffer 16 bytes.
0x2E 0x00 0x65 0x00 0x64 0x00 0x6E 0x00 0x63 0x00 0x68 0x00 0x69 0x00 0x6E 0x00 
Validate buffer.
USB标准请求.
    获取描述符.
Write endpoint1's buffer 16 bytes.
0x61 0x00 0x2E 0x00 0x63 0x00 0x6F 0x00 0x6D 0x00 0x2F 0x00 0x39 0x00 0x33 0x00 
Validate buffer.
USB标准请求.
    获取描述符.
Write endpoint1's buffer 0 bytes.

Validate buffer.
Read endpoint0's buffer 8 bytes.
0x80 0x06 0x01 0x03 0x09 0x04 0xFF 0x00 
Clear buffer.
Ack setup 0.
Ack setup 1.
Clear buffer.
USB标准请求.
    获取描述符.
        获取字符串描述符.
            获取厂商字符串.
Write endpoint1's buffer 16 bytes.
0x50 0x03 0x35 0x75 0x11 0x81 0x08 0x57 0x08 0x57 0x84 0x76 0x55 0x00 0x53 0x00 
Validate buffer.
USB标准请求.
    获取描述符.
Write endpoint1's buffer 16 bytes.
0x42 0x00 0x13 0x4E 0x3A 0x53 0x20 0x00 0x48 0x00 0x74 0x00 0x74 0x00 0x70 0x00 
Validate buffer.
USB标准请求.
    获取描述符.
Write endpoint1's buffer 16 bytes.
0x3A 0x00 0x2F 0x00 0x2F 0x00 0x67 0x00 0x72 0x00 0x6F 0x00 0x75 0x00 0x70 0x00 
Validate buffer.
USB标准请求.
    获取描述符.
Write endpoint1's buffer 16 bytes.
0x2E 0x00 0x65 0x00 0x64 0x00 0x6E 0x00 0x63 0x00 0x68 0x00 0x69 0x00 0x6E 0x00 
Validate buffer.
USB标准请求.
    获取描述符.
Write endpoint1's buffer 16 bytes.
0x61 0x00 0x2E 0x00 0x63 0x00 0x6F 0x00 0x6D 0x00 0x2F 0x00 0x39 0x00 0x33 0x00 
Validate buffer.
USB标准请求.
    获取描述符.
Write endpoint1's buffer 0 bytes.

Validate buffer.
Read endpoint0's buffer 8 bytes.
0x80 0x06 0x03 0x03 0x09 0x04 0xFF 0x00 
Clear buffer.
Ack setup 0.
Ack setup 1.
Clear buffer.
USB标准请求.
    获取描述符.
        获取字符串描述符.
            获取设备序列号.
Write endpoint1's buffer 16 bytes.
0x16 0x03 0x32 0x00 0x30 0x00 0x30 0x00 0x37 0x00 0x2D 0x00 0x31 0x00 0x31 0x00 
Validate buffer.
USB标准请求.
    获取描述符.
Write endpoint1's buffer 6 bytes.
0x2D 0x00 0x32 0x00 0x39 0x00 
Validate buffer.
Read endpoint0's buffer 8 bytes.
0x00 0x09 0x01 0x00 0x00 0x00 0x00 0x00 
Clear buffer.
Ack setup 0.
Ack setup 1.
Clear buffer.
USB标准请求.
    设置配置.
Write endpoint1's buffer 0 bytes.

Validate buffer.
Read endpoint0's buffer 8 bytes.
0x80 0x06 0x03 0x03 0x09 0x04 0xFF 0x00 
Clear buffer.
Ack setup 0.
Ack setup 1.
Clear buffer.
USB标准请求.
    获取描述符.
        获取字符串描述符  端点2的数据是  0x00 
Read endpoint0's buffer 8 bytes.
0x80 0x06 0x00 0x01 0x00 0x00 0x40 0x00 
Clear buffer.
Ack setup 0.
Ack setup 1.
Clear buffer.
USB标准请求.
    获取描述符.
        获取设备描述符.
Write endpoint1's buffer 16 bytes.
0x12 0x01 0x10 0x01 0x00 0x00 0x00 0x10 0x88 0x88 0x01 0x00 0x01 0x00 0x01 0x02 
Validate buffer.
USB标准请求.
    获取描述符.
Write endpoint1's buffer 2 bytes.
0x03 0x01 
Validate buffer.
Clear buffer.
Read endpoint0's buffer 8 bytes.
0x80 0x06 0x00 0x01 0x00 0x00 0x12 0x00 
Clear buffer.
Ack setup 0.
Ack setup 1.
Clear buffer.
USB标准请求.
    获取描述符.
        获取设备描述符.
Write endpoint1's buffer 16 bytes.
0x12 0x01 0x10 0x01 0x00 0x00 0x00 0x10 0x88 0x88 0x01 0x00 0x01 0x00 0x01 0x02 
Validate buffer.
USB标准请求.
    获取描述符.
Write endpoint1's buffer 2 bytes.
0x03 0x01 
Validate buffer.
Read endpoint0's buffer 8 bytes.
0x80 0x06 0x00 0x02 0x00 0x00 0x09 0x00 
Clear buffer.
Ack setup 0.
Ack setup 1.
Clear buffer.
USB标准请求.
    获取描述符.
        获取配置描述符.
Write endpoint1's buffer 9 bytes.
0x09 0x02 0x29 0x00 0x01 0x01 0x00 0xA0 0xC8 
Validate buffer.
Read endpoint0's buffer 8 bytes.
0x80 0x06 0x00 0x03 0x00 0x00 0xFF 0x00 
Clear buffer.
Ack setup 0.
Ack setup 1.
Clear buffer.
USB标准请求.
    获取描述符.
        获取字符串描述符.
            获取语言ID.
Write endpoint1's buffer 4 bytes.
0x04 0x03 0x09 0x04 
Validate buffer.
Read endpoint0's buffer 8 bytes.
0x80 0x06 0x03 0x03 0x09 0x04 0xFF 0x00 
Clear buffer.
Ack setup 0.
Ack setup 1.
Clear buffer.
USB标准请求.
    获取描述符.
        获取字符串描述符.
            获取设备序列号.
Write endpoint1's buffer 16 bytes.
0x16 0x03 0x32 0x00 0x30 0x00 0x30 0x00 0x37 0x00 0x2D 0x00 0x31 0x00 0x31 0x00 
Validate buffer.
USB标准请求.
    获取描述符.
Write endpoint1's buffer 6 bytes.
0x2D 0x00 0x32 0x00 0x39 0x00 
Validate buffer.
Read endpoint0's buffer 8 bytes.
0x80 0x06 0x00 0x02 0x00 0x00 0xFF 0x00 
Clear buffer.
Ack setup 0.
Ack setup 1.
Clear buffer.
USB标准请求.
    获取描述符.
        获取配置描述符.
Write endpoint1's buffer 16 bytes.
0x09 0x02 0x29 0x00 0x01 0x01 0x00 0xA0 0xC8 0x09 0x04 0x00 0x00 0x02 0x03 0x01 
Validate buffer.
USB标准请求.
    获取描述符.
Write endpoint1's buffer 16 bytes.
0x01 0x00 0x09 0x21 0x10 0x01 0x21 0x01 0x22 0x3F 0x00 0x07 0x05 0x82 0x03 0x40 
Validate buffer.
USB标准请求.
    获取描述符.
Write endpoint1's buffer 9 bytes.
0x00 0x0A 0x07 0x05 0x02 0x03 0x40 0x00 0x0A 
Validate buffer.
Read endpoint0's buffer 8 bytes.
0x80 0x06 0x00 0x03 0x00 0x00 0xFF 0x00 
Clear buffer.
Ack setup 0.
Ack setup 1.
Clear buffer.
USB标准请求.
    获取描述符.
        获取字符串描述符.
            获取语言ID.
Write endpoint1's buffer 4 bytes.
0x04 0x03 0x09 0x04 
Validate buffer.
Clear buffer.
Read endpoint0's buffer 8 bytes.
0x80 0x06 0x02 0x03 0x09 0x04 0xFF 0x00 
Clear buffer.
Ack setup 0.
Ack setup 1.
Clear buffer.
USB标准请求.
    获取描述符.
        获取字符串描述符.
            获取产品字符串.
Write endpoint1's buffer 16 bytes.
0x60 0x03 0x35 0x75 0x11 0x81 0x08 0x57 0x08 0x57 0x84 0x76 0x55 0x00 0x53 0x00 
Validate buffer.
USB标准请求.
    获取描述符.
Write endpoint1's buffer 16 bytes.
0x42 0x00 0x13 0x4E 0x3A 0x53 0x3B 0x6D 0xA8 0x52 0x4B 0x4E 0x55 0x00 0x53 0x00 
Validate buffer.
USB标准请求.
    获取描述符.
Write endpoint1's buffer 16 bytes.
0x42 0x00 0x2E 0x95 0xD8 0x76 0x20 0x00 0x48 0x00 0x74 0x00 0x74 0x00 0x70 0x00 
Validate buffer.
USB标准请求.
    获取描述符.
Write endpoint1's buffer 16 bytes.
0x3A 0x00 0x2F 0x00 0x2F 0x00 0x67 0x00 0x72 0x00 0x6F 0x00 0x75 0x00 0x70 0x00 
Validate buffer.
USB标准请求.
    获取描述符.
Write endpoint1's buffer 16 bytes.
0x2E 0x00 0x65 0x00 0x64 0x00 0x6E 0x00 0x63 0x00 0x68 0x00 0x69 0x00 0x6E 0x00 
Validate buffer.
USB标准请求.
    获取描述符.
Write endpoint1's buffer 16 bytes.
0x61 0x00 0x2E 0x00 0x63 0x00 0x6F 0x00 0x6D 0x00 0x2F 0x00 0x39 0x00 0x33 0x00 
Validate buffer.
USB标准请求.
    获取描述符.
Write endpoint1's buffer 0 bytes.

Validate buffer.
Read endpoint0's buffer 8 bytes.
0x80 0x06 0x00 0x03 0x00 0x00 0xFF 0x00 
Clear buffer.
Ack setup 0.
Ack setup 1.
Clear buffer.
USB标准请求.
    获取描述符.
        获取字符串描述符.
            获取语言ID.
Write endpoint1's buffer 4 bytes.
0x04 0x03 0x09 0x04 
Validate buffer.
Clear buffer.
Read endpoint0's buffer 8 bytes.
0x80 0x06 0x02 0x03 0x09 0x04 0xFF 0x00 
Clear buffer.
Ack setup 0.
Ack setup 1.
Clear buffer.
USB标准请求.
    获取描述符.
        获取字符串描述符.
            获取产品字符串.
Write endpoint1's buffer 16 bytes.
0x60 0x03 0x35 0x75 0x11 0x81 0x08 0x57 0x08 0x57 0x84 0x76 0x55 0x00 0x53 0x00 
Validate buffer.
USB标准请求.
    获取描述符.
Write endpoint1's buffer 16 bytes.
0x42 0x00 0x13 0x4E 0x3A 0x53 0x3B 0x6D 0xA8 0x52 0x4B 0x4E 0x55 0x00 0x53 0x00 
Validate buffer.
USB标准请求.
    获取描述符.
Write endpoint1's buffer 16 bytes.
0x42 0x00 0x2E 0x95 0xD8 0x76 0x20 0x00 0x48 0x00 0x74 0x00 0x74 0x00 0x70 0x00 
Validate buffer.
USB标准请求.
    获取描述符.
Write endpoint1's buffer 16 bytes.
0x3A 0x00 0x2F 0x00 0x2F 0x00 0x67 0x00 0x72 0x00 0x6F 0x00 0x75 0x00 0x70 0x00 
Validate buffer.
USB标准请求.
    获取描述符.
Write endpoint1's buffer 16 bytes.
0x2E 0x00 0x65 0x00 0x64 0x00 0x6E 0x00 0x63 0x00 0x68 0x00 0x69 0x00 0x6E 0x00 
Validate buffer.
USB标准请求.
    获取描述符.
Write endpoint1's buffer 16 bytes.
0x61 0x00 0x2E 0x00 0x63 0x00 0x6F 0x00 0x6D 0x00 0x2F 0x00 0x39 0x00 0x33 0x00 
Validate buffer.
USB标准请求.
    获取描述符.
Write endpoint1's buffer 0 bytes.

Validate buffer.
Clear buffer.
Read endpoint0's buffer 8 bytes.
0x80 0x06 0x00 0x01 0x00 0x00 0x12 0x00 
Clear buffer.
Ack setup 0.
Ack setup 1.
Clear buffer.
USB标准请求.
    获取描述符.
        获取设备描述符.
Write endpoint1's buffer 16 bytes.
0x12 0x01 0x10 0x01 0x00 0x00 0x00 0x10 0x88 0x88 0x01 0x00 0x01 0x00 0x01 0x02 
Validate buffer.
USB标准请求.
    获取描述符.
Write endpoint1's buffer 2 bytes.
0x03 0x01 
Validate buffer.
Read endpoint0's buffer 8 bytes.
0x80 0x06 0x00 0x02 0x00 0x00 0x09 0x00 
Clear buffer.
Ack setup 0.
Ack setup 1.
Clear buffer.
USB标准请求.
    获取描述符.
        获取配置描述符.
Write endpoint1's buffer 9 bytes.
0x09 0x02 0x29 0x00 0x01 0x01 0x00 0xA0 0xC8 
Validate buffer.
Read endpoint0's buffer 8 bytes.
0x80 0x06 0x00 0x02 0x00 0x00 0x29 0x00 
Clear buffer.
Ack setup 0.
Ack setup 1.
Clear buffer.
USB标准请求.
    获取描述符.
        获取配置描述符.
Write endpoint1's buffer 16 bytes.
0x09 0x02 0x29 0x00 0x01 0x01 0x00 0xA0 0xC8 0x09 0x04 0x00 0x00 0x02 0x03 0x01 
Validate buffer.
USB标准请求.
    获取描述符.
Write endpoint1's buffer 16 bytes.
0x01 0x00 0x09 0x21 0x10 0x01 0x21 0x01 0x22 0x3F 0x00 0x07 0x05 0x82 0x03 0x40 
Validate buffer.
USB标准请求.
    获取描述符.
Write endpoint1's buffer 9 bytes.
0x00 0x0A 0x07 0x05 0x02 0x03 0x40 0x00 0x0A 
Validate buffer.
Clear buffer.
Read endpoint0's buffer 8 bytes.
0x21 0x0A 0x00 0x00 0x00 0x00 0x00 0x00 
Clear buffer.
Ack setup 0.
Ack setup 1.
Clear buffer.
USB类请求.
    设置空闲.
Write endpoint1's buffer 0 bytes.

Validate buffer.
Read endpoint0's buffer 8 bytes.
0x81 0x06 0x00 0x22 0x00 0x00 0x7F 0x00 
Clear buffer.
Ack setup 0.
Ack setup 1.
Clear buffer.
USB标准请求.
    获取描述符（从接口）.
        获取报告描述符.
Write endpoint1's buffer 16 bytes.
0x05 0x01 0x09 0x06 0xA1 0x01 0x05 0x07 0x19 0xE0 0x29 0xE7 0x15 0x00 0x25 0x01 
Validate buffer.
USB标准请求.
    获取描述符（从接口）.
Write endpoint1's buffer 16 bytes.
0x75 0x01 0x95 0x08 0x81 0x02 0x95 0x01 0x75 0x08 0x81 0x03 0x95 0x05 0x75 0x01 
Validate buffer.
USB标准请求.
    获取描述符（从接口）.
Write endpoint1's buffer 16 bytes.
0x05 0x08 0x19 0x01 0x29 0x05 0x91 0x02 0x95 0x01 0x75 0x03 0x91 0x03 0x95 0x06 
Validate buffer.
USB标准请求.
    获取描述符（从接口）.
Write endpoint1's buffer 15 bytes.
0x75 0x08 0x15 0x00 0x25 0xFF 0x05 0x07 0x19 0x00 0x29 0x65 0x81 0x00 0xC0 
Validate buffer.
Clear buffer.
Read endpoint4's buffer 1 bytes.
0x01 
Clear buffer.
端点2输出.
    端点2的数据是  0x01 
Write endpoint5's buffer 8 bytes.
0x01 0x00 0x00 0x00 0x00 0x00 0x00 0x00 
Validate buffer.
Write endpoint5's buffer 8 bytes.
0x00 0x00 0x00 0x00 0x00 0x00 0x00 0x00 
Validate buffer.
Write endpoint5's buffer 8 bytes.
0x02 0x00 0x00 0x00 0x00 0x00 0x00 0x00 
Validate buffer.
Write endpoint5's buffer 8 bytes.
0x00 0x00 0x00 0x00 0x00 0x00 0x00 0x00 
Validate buffer.
Write endpoint5's buffer 8 bytes.
0x04 0x00 0x00 0x00 0x00 0x00 0x00 0x00 
Validate buffer.
Write endpoint5's buffer 8 bytes.
0x00 0x00 0x00 0x00 0x00 0x00 0x00 0x00 
Validate buffer.
Write endpoint5's buffer 8 bytes.
0x00 0x00 0x59 0x00 0x00 0x00 0x00 0x00 
Validate buffer.
Write endpoint5's buffer 8 bytes.
0x00 0x00 0x00 0x00 0x00 0x00 0x00 0x00 
Validate buffer.
Write endpoint5's buffer 8 bytes.
0x00 0x00 0x5A 0x00 0x00 0x00 0x00 0x00 
Validate buffer.
Write endpoint5's buffer 8 bytes.
0x00 0x00 0x00 0x00 0x00 0x00 0x00 0x00 
Validate buffer.
Write endpoint5's buffer 8 bytes.
0x00 0x00 0x39 0x00 0x00 0x00 0x00 0x00 
Validate buffer.
Read endpoint4's buffer 1 bytes.
0x03 
Clear buffer.
端点2输出.
    端点2的数据是  0x03 
Write endpoint5's buffer 8 bytes.
0x00 0x00 0x00 0x00 0x00 0x00 0x00 0x00 
Validate buffer.
Write endpoint5's buffer 8 bytes.
0x00 0x00 0x53 0x00 0x00 0x00 0x00 0x00 
Validate buffer.
Read endpoint4's buffer 1 bytes.
0x01 
Clear buffer.
端点2输出.
    端点2的数据是  0x01 
Write endpoint5's buffer 8 bytes.
0x00 0x00 0x00 0x00 0x00 0x00 0x00 0x00 
Validate buffer.
Write endpoint5's buffer 8 bytes.
0x00 0x00 0x53 0x00 0x00 0x00 0x00 0x00 
Validate buffer.
Read endpoint4's buffer 1 bytes.
0x00 
Clear buffer.
端点2输出.
    端点2的数据是  0x00 
Write endpoint5's buffer 8 bytes.
0x00 0x00 0x00 0x00 0x00 0x00 0x00 0x00 
Validate buffer.
Write endpoint5's buffer 8 bytes.
0x00 0x00 0x39 0x00 0x00 0x00 0x00 0x00 
Validate buffer.
Read endpoint4's buffer 1 bytes.
0x01 
Clear buffer.
端点2输出.
    端点2的数据是  0x01 
Write endpoint5's buffer 8 bytes.
0x00 0x00 0x00 0x00 0x00 0x00 0x00 0x00 
Validate buffer.
Write endpoint5's buffer 8 bytes.
0x00 0x00 0x53 0x00 0x00 0x00 0x00 0x00 
Validate buffer.
Read endpoint4's buffer 1 bytes.
0x03 
Clear buffer.
端点2输出.
    端点2的数据是  0x03 
Write endpoint5's buffer 8 bytes.
0x00 0x00 0x00 0x00 0x00 0x00 0x00 0x00 
Validate buffer.
Write endpoint5's buffer 8 bytes.
0x00 0x00 0x39 0x00 0x00 0x00 0x00 0x00 
Validate buffer.
Read endpoint4's buffer 1 bytes.
0x02 
Clear buffer.
端点2输出.
    端点2的数据是  0x02 
Write endpoint5's buffer 8 bytes.
0x00 0x00 0x00 0x00 0x00 0x00 0x00 0x00 
Validate buffer.
Write endpoint5's buffer 8 bytes.
0x00 0x00 0x53 0x00 0x00 0x00 0x00 0x00 
Validate buffer.
Read endpoint4's buffer 1 bytes.
0x00 
Clear buffer.
端点2输出.
    端点2的数据是  0x00 
Write endpoint5's buffer 8 bytes.
0x00 0x00 0x00 0x00 0x00 0x00 0x00 0x00 
Validate buffer.
Write endpoint5's buffer 8 bytes.
0x00 0x00 0x39 0x00 0x00 0x00 0x00 0x00 
Validate buffer.
Read endpoint4's buffer 1 bytes.
0x01 
Clear buffer.
端点2输出.
    端点2的数据是  0x01 
Write endpoint5's buffer 8 bytes.
0x00 0x00 0x00 0x00 0x00 0x00 0x00 0x00 
Validate buffer.
